This is pdfTeX, Version 3.141592653-2.6-1.40.25 (TeX Live 2023/Debian) (preloaded format=pdflatex 2025.10.3)  19 OCT 2025 16:34
entering extended mode
 restricted \write18 enabled.
 file:line:error style messages enabled.
 %&-line parsing enabled.
**"/home/alex/devel/emdw/reports/Final Report/ProgressReport"
(/home/alex/devel/emdw/reports/Final Report/ProgressReport.tex
LaTeX2e <2023-11-01> patch level 1
L3 programming layer <2024-01-22>
(/usr/share/texlive/texmf-dist/tex/latex/base/article.cls
Document Class: article 2023/05/17 v1.4n Standard LaTeX document class
(/usr/share/texlive/texmf-dist/tex/latex/base/size12.clo
File: size12.clo 2023/05/17 v1.4n Standard LaTeX file (size option)
)
\c@part=\count187
\c@section=\count188
\c@subsection=\count189
\c@subsubsection=\count190
\c@paragraph=\count191
\c@subparagraph=\count192
\c@figure=\count193
\c@table=\count194
\abovecaptionskip=\skip48
\belowcaptionskip=\skip49
\bibindent=\dimen140
) (/usr/share/texlive/texmf-dist/tex/latex/geometry/geometry.sty
Package: geometry 2020/01/02 v5.9 Page Geometry
 (/usr/share/texlive/texmf-dist/tex/latex/graphics/keyval.sty
Package: keyval 2022/05/29 v1.15 key=value parser (DPC)
\KV@toks@=\toks17
) (/usr/share/texlive/texmf-dist/tex/generic/iftex/ifvtex.sty
Package: ifvtex 2019/10/25 v1.7 ifvtex legacy package. Use iftex instead.
 (/usr/share/texlive/texmf-dist/tex/generic/iftex/iftex.sty
Package: iftex 2022/02/03 v1.0f TeX engine tests
))
\Gm@cnth=\count195
\Gm@cntv=\count196
\c@Gm@tempcnt=\count197
\Gm@bindingoffset=\dimen141
\Gm@wd@mp=\dimen142
\Gm@odd@mp=\dimen143
\Gm@even@mp=\dimen144
\Gm@layoutwidth=\dimen145
\Gm@layoutheight=\dimen146
\Gm@layouthoffset=\dimen147
\Gm@layoutvoffset=\dimen148
\Gm@dimlist=\toks18
) (/usr/share/texlive/texmf-dist/tex/latex/mhchem/mhchem.sty
Package: mhchem 2024/01/29 v4.10 for typesetting chemical formulae
 (/usr/share/texlive/texmf-dist/tex/latex/l3kernel/expl3.sty
Package: expl3 2024-01-22 L3 programming layer (loader) 
 (/usr/share/texlive/texmf-dist/tex/latex/l3backend/l3backend-pdftex.def
File: l3backend-pdftex.def 2024-01-04 L3 backend support: PDF output (pdfTeX)
\l__color_backend_stack_int=\count198
\l__pdf_internal_box=\box51
)) (/usr/share/texlive/texmf-dist/tex/latex/l3packages/l3keys2e/l3keys2e.sty
Package: l3keys2e 2023-10-10 LaTeX2e option processing using LaTeX3 keys
) (/usr/share/texlive/texmf-dist/tex/latex/tools/calc.sty
Package: calc 2023/07/08 v4.3 Infix arithmetic (KKT,FJ)
\calc@Acount=\count199
\calc@Bcount=\count266
\calc@Adimen=\dimen149
\calc@Bdimen=\dimen150
\calc@Askip=\skip50
\calc@Bskip=\skip51
LaTeX Info: Redefining \setlength on input line 80.
LaTeX Info: Redefining \addtolength on input line 81.
\calc@Ccount=\count267
\calc@Cskip=\skip52
) (/usr/share/texlive/texmf-dist/tex/latex/amsmath/amsmath.sty
Package: amsmath 2023/05/13 v2.17o AMS math features
\@mathmargin=\skip53

For additional information on amsmath, use the `?' option.
(/usr/share/texlive/texmf-dist/tex/latex/amsmath/amstext.sty
Package: amstext 2021/08/26 v2.01 AMS text
 (/usr/share/texlive/texmf-dist/tex/latex/amsmath/amsgen.sty
File: amsgen.sty 1999/11/30 v2.0 generic functions
\@emptytoks=\toks19
\ex@=\dimen151
)) (/usr/share/texlive/texmf-dist/tex/latex/amsmath/amsbsy.sty
Package: amsbsy 1999/11/29 v1.2d Bold Symbols
\pmbraise@=\dimen152
) (/usr/share/texlive/texmf-dist/tex/latex/amsmath/amsopn.sty
Package: amsopn 2022/04/08 v2.04 operator names
)
\inf@bad=\count268
LaTeX Info: Redefining \frac on input line 234.
\uproot@=\count269
\leftroot@=\count270
LaTeX Info: Redefining \overline on input line 399.
LaTeX Info: Redefining \colon on input line 410.
\classnum@=\count271
\DOTSCASE@=\count272
LaTeX Info: Redefining \ldots on input line 496.
LaTeX Info: Redefining \dots on input line 499.
LaTeX Info: Redefining \cdots on input line 620.
\Mathstrutbox@=\box52
\strutbox@=\box53
LaTeX Info: Redefining \big on input line 722.
LaTeX Info: Redefining \Big on input line 723.
LaTeX Info: Redefining \bigg on input line 724.
LaTeX Info: Redefining \Bigg on input line 725.
\big@size=\dimen153
LaTeX Font Info:    Redeclaring font encoding OML on input line 743.
LaTeX Font Info:    Redeclaring font encoding OMS on input line 744.
\macc@depth=\count273
LaTeX Info: Redefining \bmod on input line 905.
LaTeX Info: Redefining \pmod on input line 910.
LaTeX Info: Redefining \smash on input line 940.
LaTeX Info: Redefining \relbar on input line 970.
LaTeX Info: Redefining \Relbar on input line 971.
\c@MaxMatrixCols=\count274
\dotsspace@=\muskip16
\c@parentequation=\count275
\dspbrk@lvl=\count276
\tag@help=\toks20
\row@=\count277
\column@=\count278
\maxfields@=\count279
\andhelp@=\toks21
\eqnshift@=\dimen154
\alignsep@=\dimen155
\tagshift@=\dimen156
\tagwidth@=\dimen157
\totwidth@=\dimen158
\lineht@=\dimen159
\@envbody=\toks22
\multlinegap=\skip54
\multlinetaggap=\skip55
\mathdisplay@stack=\toks23
LaTeX Info: Redefining \[ on input line 2953.
LaTeX Info: Redefining \] on input line 2954.
) (/usr/share/texlive/texmf-dist/tex/latex/chemgreek/chemgreek.sty (/usr/share/texlive/texmf-dist/tex/latex/l3packages/xparse/xparse.sty
Package: xparse 2023-10-10 L3 Experimental document command parser
)
Package: chemgreek 2020/01/16 v1.1a interface for upright Greek letters for use in chemistry (CN)
\l__chemgreek_tmpa_int=\count280
\g__chemgreek_tmpa_int=\count281
) (/usr/share/texlive/texmf-dist/tex/latex/graphics/graphics.sty
Package: graphics 2022/03/10 v1.4e Standard LaTeX Graphics (DPC,SPQR)
 (/usr/share/texlive/texmf-dist/tex/latex/graphics/trig.sty
Package: trig 2021/08/11 v1.11 sin cos tan (DPC)
) (/usr/share/texlive/texmf-dist/tex/latex/graphics-cfg/graphics.cfg
File: graphics.cfg 2016/06/04 v1.11 sample graphics configuration
)
Package graphics Info: Driver file: pdftex.def on input line 107.
 (/usr/share/texlive/texmf-dist/tex/latex/graphics-def/pdftex.def
File: pdftex.def 2022/09/22 v1.2b Graphics/color driver for pdftex
))
\l__mhchem_ce_distanceFromLastComma_int=\count282
\__mhchem_arrow_extPgfLength_skip=\skip56
\mhchem@minispace@tmp=\skip57
\mhchem@minibackspace@tmp=\skip58
\mhchem@bondwidth=\skip59
\mhchem@bondheight=\skip60
\mhchem@smallbondwidth@tmpA=\skip61
\mhchem@smallbondwidth@tmpB=\skip62
\mhchem@smallbondwidth=\skip63
\mhchem@bondtmp@minussidebearingleft=\skip64
\mhchem@bondtmp@minussidebearingright=\skip65
\l__mhchem_option_version_int=\count283
\mhchem@option@minusmathsidebearingleft=\dimen160
\mhchem@option@minusmathsidebearingright=\dimen161
\mhchem@option@minustextsidebearingleft=\dimen162
\mhchem@option@minustextsidebearingright=\dimen163
) (/usr/share/texlive/texmf-dist/tex/latex/siunitx/siunitx.sty
Package: siunitx 2024-01-25 v3.3.10 A comprehensive (SI) units package
\l__siunitx_number_uncert_offset_int=\count284
\l__siunitx_number_exponent_fixed_int=\count285
\l__siunitx_number_min_decimal_int=\count286
\l__siunitx_number_min_integer_int=\count287
\l__siunitx_number_round_precision_int=\count288
\l__siunitx_number_lower_threshold_int=\count289
\l__siunitx_number_upper_threshold_int=\count290
\l__siunitx_number_group_first_int=\count291
\l__siunitx_number_group_size_int=\count292
\l__siunitx_number_group_minimum_int=\count293
\l__siunitx_angle_tmp_dim=\dimen164
\l__siunitx_angle_marker_box=\box54
\l__siunitx_angle_unit_box=\box55
\l__siunitx_compound_count_int=\count294
 (/usr/share/texlive/texmf-dist/tex/latex/translations/translations.sty
Package: translations 2022/02/05 v1.12 internationalization of LaTeX2e packages (CN)
 (/usr/share/texlive/texmf-dist/tex/latex/etoolbox/etoolbox.sty
Package: etoolbox 2020/10/05 v2.5k e-TeX tools for LaTeX (JAW)
\etb@tempcnta=\count295
) (/usr/share/texlive/texmf-dist/tex/generic/pdftexcmds/pdftexcmds.sty
Package: pdftexcmds 2020-06-27 v0.33 Utility functions of pdfTeX for LuaTeX (HO)
 (/usr/share/texlive/texmf-dist/tex/generic/infwarerr/infwarerr.sty
Package: infwarerr 2019/12/03 v1.5 Providing info/warning/error messages (HO)
) (/usr/share/texlive/texmf-dist/tex/generic/ltxcmds/ltxcmds.sty
Package: ltxcmds 2023-12-04 v1.26 LaTeX kernel commands for general use (HO)
)
Package pdftexcmds Info: \pdf@primitive is available.
Package pdftexcmds Info: \pdf@ifprimitive is available.
Package pdftexcmds Info: \pdfdraftmode found.
))
\l__siunitx_table_tmp_box=\box56
\l__siunitx_table_tmp_dim=\dimen165
\l__siunitx_table_column_width_dim=\dimen166
\l__siunitx_table_integer_box=\box57
\l__siunitx_table_decimal_box=\box58
\l__siunitx_table_uncert_box=\box59
\l__siunitx_table_before_box=\box60
\l__siunitx_table_after_box=\box61
\l__siunitx_table_before_dim=\dimen167
\l__siunitx_table_carry_dim=\dimen168
\l__siunitx_unit_tmp_int=\count296
\l__siunitx_unit_position_int=\count297
\l__siunitx_unit_total_int=\count298
 (/usr/share/texlive/texmf-dist/tex/latex/tools/array.sty
Package: array 2023/10/16 v2.5g Tabular extension package (FMi)
\col@sep=\dimen169
\ar@mcellbox=\box62
\extrarowheight=\dimen170
\NC@list=\toks24
\extratabsurround=\skip66
\backup@length=\skip67
\ar@cellbox=\box63
)) (/usr/share/texlive/texmf-dist/tex/latex/graphics/graphicx.sty
Package: graphicx 2021/09/16 v1.2d Enhanced LaTeX Graphics (DPC,SPQR)
\Gin@req@height=\dimen171
\Gin@req@width=\dimen172
) (/usr/share/texlive/texmf-dist/tex/latex/psnfss/mathptmx.sty
Package: mathptmx 2020/03/25 PSNFSS-v9.3 Times w/ Math, improved (SPQR, WaS) 
LaTeX Font Info:    Redeclaring symbol font `operators' on input line 28.
LaTeX Font Info:    Overwriting symbol font `operators' in version `normal'
(Font)                  OT1/cmr/m/n --> OT1/ztmcm/m/n on input line 28.
LaTeX Font Info:    Overwriting symbol font `operators' in version `bold'
(Font)                  OT1/cmr/bx/n --> OT1/ztmcm/m/n on input line 28.
LaTeX Font Info:    Redeclaring symbol font `letters' on input line 29.
LaTeX Font Info:    Overwriting symbol font `letters' in version `normal'
(Font)                  OML/cmm/m/it --> OML/ztmcm/m/it on input line 29.
LaTeX Font Info:    Overwriting symbol font `letters' in version `bold'
(Font)                  OML/cmm/b/it --> OML/ztmcm/m/it on input line 29.
LaTeX Font Info:    Redeclaring symbol font `symbols' on input line 30.
LaTeX Font Info:    Overwriting symbol font `symbols' in version `normal'
(Font)                  OMS/cmsy/m/n --> OMS/ztmcm/m/n on input line 30.
LaTeX Font Info:    Overwriting symbol font `symbols' in version `bold'
(Font)                  OMS/cmsy/b/n --> OMS/ztmcm/m/n on input line 30.
LaTeX Font Info:    Redeclaring symbol font `largesymbols' on input line 31.
LaTeX Font Info:    Overwriting symbol font `largesymbols' in version `normal'
(Font)                  OMX/cmex/m/n --> OMX/ztmcm/m/n on input line 31.
LaTeX Font Info:    Overwriting symbol font `largesymbols' in version `bold'
(Font)                  OMX/cmex/m/n --> OMX/ztmcm/m/n on input line 31.
\symbold=\mathgroup4
\symitalic=\mathgroup5
LaTeX Font Info:    Redeclaring math alphabet \mathbf on input line 34.
LaTeX Font Info:    Overwriting math alphabet `\mathbf' in version `normal'
(Font)                  OT1/cmr/bx/n --> OT1/ptm/bx/n on input line 34.
LaTeX Font Info:    Overwriting math alphabet `\mathbf' in version `bold'
(Font)                  OT1/cmr/bx/n --> OT1/ptm/bx/n on input line 34.
LaTeX Font Info:    Redeclaring math alphabet \mathit on input line 35.
LaTeX Font Info:    Overwriting math alphabet `\mathit' in version `normal'
(Font)                  OT1/cmr/m/it --> OT1/ptm/m/it on input line 35.
LaTeX Font Info:    Overwriting math alphabet `\mathit' in version `bold'
(Font)                  OT1/cmr/bx/it --> OT1/ptm/m/it on input line 35.
LaTeX Info: Redefining \hbar on input line 50.
) (/usr/share/texlive/texmf-dist/tex/latex/paralist/paralist.sty
Package: paralist 2017/01/22 v2.7 Extended list environments
\pltopsep=\skip68
\plpartopsep=\skip69
\plitemsep=\skip70
\plparsep=\skip71
\pl@lab=\toks25
) (/usr/share/texlive/texmf-dist/tex/latex/graphics/color.sty
Package: color 2022/01/06 v1.3d Standard LaTeX Color (DPC)
 (/usr/share/texlive/texmf-dist/tex/latex/graphics-cfg/color.cfg
File: color.cfg 2016/01/02 v1.6 sample color configuration
)
Package color Info: Driver file: pdftex.def on input line 149.
 (/usr/share/texlive/texmf-dist/tex/latex/graphics/mathcolor.ltx)) (/usr/share/texlive/texmf-dist/tex/latex/listings/listings.sty
\lst@mode=\count299
\lst@gtempboxa=\box64
\lst@token=\toks26
\lst@length=\count300
\lst@currlwidth=\dimen173
\lst@column=\count301
\lst@pos=\count302
\lst@lostspace=\dimen174
\lst@width=\dimen175
\lst@newlines=\count303
\lst@lineno=\count304
\lst@maxwidth=\dimen176
 (/usr/share/texlive/texmf-dist/tex/latex/listings/lstmisc.sty
File: lstmisc.sty 2023/02/27 1.9 (Carsten Heinz)
\c@lstnumber=\count305
\lst@skipnumbers=\count306
\lst@framebox=\box65
) (/usr/share/texlive/texmf-dist/tex/latex/listings/listings.cfg
File: listings.cfg 2023/02/27 1.9 listings configuration
))
Package: listings 2023/02/27 1.9 (Carsten Heinz)
 (/usr/share/texlive/texmf-dist/tex/latex/pdflscape/pdflscape.sty
Package: pdflscape 2022-10-27 v0.13 Display of landscape pages in PDF
 (/usr/share/texlive/texmf-dist/tex/latex/pdflscape/pdflscape-nometadata.sty
Package: pdflscape-nometadata 2022-10-28 v0.13 Display of landscape pages in PDF (HO)
 (/usr/share/texlive/texmf-dist/tex/latex/graphics/lscape.sty
Package: lscape 2020/05/28 v3.02 Landscape Pages (DPC)
)
Package pdflscape Info: Auto-detected driver: pdftex on input line 81.
)) (/usr/share/texlive/texmf-dist/tex/latex/fancyhdr/fancyhdr.sty
Package: fancyhdr 2022/11/09 v4.1 Extensive control of page headers and footers
\f@nch@headwidth=\skip72
\f@nch@O@elh=\skip73
\f@nch@O@erh=\skip74
\f@nch@O@olh=\skip75
\f@nch@O@orh=\skip76
\f@nch@O@elf=\skip77
\f@nch@O@erf=\skip78
\f@nch@O@olf=\skip79
\f@nch@O@orf=\skip80
) (/usr/share/texlive/texmf-dist/tex/latex/biblatex/biblatex.sty
Package: biblatex 2023/03/05 v3.19 programmable bibliographies (PK/MW)
 (/usr/share/texlive/texmf-dist/tex/latex/kvoptions/kvoptions.sty
Package: kvoptions 2022-06-15 v3.15 Key value format for package options (HO)
 (/usr/share/texlive/texmf-dist/tex/latex/kvsetkeys/kvsetkeys.sty
Package: kvsetkeys 2022-10-05 v1.19 Key value parser (HO)
)) (/usr/share/texlive/texmf-dist/tex/latex/logreq/logreq.sty
Package: logreq 2010/08/04 v1.0 xml request logger
\lrq@indent=\count307
 (/usr/share/texlive/texmf-dist/tex/latex/logreq/logreq.def
File: logreq.def 2010/08/04 v1.0 logreq spec v1.0
)) (/usr/share/texlive/texmf-dist/tex/latex/base/ifthen.sty
Package: ifthen 2022/04/13 v1.1d Standard LaTeX ifthen package (DPC)
) (/usr/share/texlive/texmf-dist/tex/latex/url/url.sty
\Urlmuskip=\muskip17
Package: url 2013/09/16  ver 3.4  Verb mode for urls, etc.
)
\c@tabx@nest=\count308
\c@listtotal=\count309
\c@listcount=\count310
\c@liststart=\count311
\c@liststop=\count312
\c@citecount=\count313
\c@citetotal=\count314
\c@multicitecount=\count315
\c@multicitetotal=\count316
\c@instcount=\count317
\c@maxnames=\count318
\c@minnames=\count319
\c@maxitems=\count320
\c@minitems=\count321
\c@citecounter=\count322
\c@maxcitecounter=\count323
\c@savedcitecounter=\count324
\c@uniquelist=\count325
\c@uniquename=\count326
\c@refsection=\count327
\c@refsegment=\count328
\c@maxextratitle=\count329
\c@maxextratitleyear=\count330
\c@maxextraname=\count331
\c@maxextradate=\count332
\c@maxextraalpha=\count333
\c@abbrvpenalty=\count334
\c@highnamepenalty=\count335
\c@lownamepenalty=\count336
\c@maxparens=\count337
\c@parenlevel=\count338
\blx@tempcnta=\count339
\blx@tempcntb=\count340
\blx@tempcntc=\count341
\c@blx@maxsection=\count342
\blx@maxsegment@0=\count343
\blx@notetype=\count344
\blx@parenlevel@text=\count345
\blx@parenlevel@foot=\count346
\blx@sectionciteorder@0=\count347
\blx@sectionciteorderinternal@0=\count348
\blx@entrysetcounter=\count349
\blx@biblioinstance=\count350
\labelnumberwidth=\skip81
\labelalphawidth=\skip82
\biblabelsep=\skip83
\bibitemsep=\skip84
\bibnamesep=\skip85
\bibinitsep=\skip86
\bibparsep=\skip87
\bibhang=\skip88
\blx@bcfin=\read2
\blx@bcfout=\write3
\blx@langwohyphens=\language9
\c@mincomprange=\count351
\c@maxcomprange=\count352
\c@mincompwidth=\count353
Package biblatex Info: Trying to load biblatex default data model...
Package biblatex Info: ... file 'blx-dm.def' found.
 (/usr/share/texlive/texmf-dist/tex/latex/biblatex/blx-dm.def
File: blx-dm.def 2023/03/05 v3.19 biblatex localization (PK/MW)
)
Package biblatex Info: Trying to load biblatex style data model...
Package biblatex Info: ... file 'authoryear.dbx' not found.
Package biblatex Info: Trying to load biblatex custom data model...
Package biblatex Info: ... file 'biblatex-dm.cfg' not found.
\c@afterword=\count354
\c@savedafterword=\count355
\c@annotator=\count356
\c@savedannotator=\count357
\c@author=\count358
\c@savedauthor=\count359
\c@bookauthor=\count360
\c@savedbookauthor=\count361
\c@commentator=\count362
\c@savedcommentator=\count363
\c@editor=\count364
\c@savededitor=\count365
\c@editora=\count366
\c@savededitora=\count367
\c@editorb=\count368
\c@savededitorb=\count369
\c@editorc=\count370
\c@savededitorc=\count371
\c@foreword=\count372
\c@savedforeword=\count373
\c@holder=\count374
\c@savedholder=\count375
\c@introduction=\count376
\c@savedintroduction=\count377
\c@namea=\count378
\c@savednamea=\count379
\c@nameb=\count380
\c@savednameb=\count381
\c@namec=\count382
\c@savednamec=\count383
\c@translator=\count384
\c@savedtranslator=\count385
\c@shortauthor=\count386
\c@savedshortauthor=\count387
\c@shorteditor=\count388
\c@savedshorteditor=\count389
\c@labelname=\count390
\c@savedlabelname=\count391
\c@institution=\count392
\c@savedinstitution=\count393
\c@lista=\count394
\c@savedlista=\count395
\c@listb=\count396
\c@savedlistb=\count397
\c@listc=\count398
\c@savedlistc=\count399
\c@listd=\count400
\c@savedlistd=\count401
\c@liste=\count402
\c@savedliste=\count403
\c@listf=\count404
\c@savedlistf=\count405
\c@location=\count406
\c@savedlocation=\count407
\c@organization=\count408
\c@savedorganization=\count409
\c@origlocation=\count410
\c@savedoriglocation=\count411
\c@origpublisher=\count412
\c@savedorigpublisher=\count413
\c@publisher=\count414
\c@savedpublisher=\count415
\c@language=\count416
\c@savedlanguage=\count417
\c@origlanguage=\count418
\c@savedoriglanguage=\count419
\c@pageref=\count420
\c@savedpageref=\count421
\shorthandwidth=\skip89
\shortjournalwidth=\skip90
\shortserieswidth=\skip91
\shorttitlewidth=\skip92
\shortauthorwidth=\skip93
\shorteditorwidth=\skip94
\locallabelnumberwidth=\skip95
\locallabelalphawidth=\skip96
\localshorthandwidth=\skip97
\localshortjournalwidth=\skip98
\localshortserieswidth=\skip99
\localshorttitlewidth=\skip100
\localshortauthorwidth=\skip101
\localshorteditorwidth=\skip102
Package biblatex Info: Trying to load compatibility code...
Package biblatex Info: ... file 'blx-compat.def' found.
 (/usr/share/texlive/texmf-dist/tex/latex/biblatex/blx-compat.def
File: blx-compat.def 2023/03/05 v3.19 biblatex compatibility (PK/MW)
)
Package biblatex Info: Trying to load generic definitions...
Package biblatex Info: ... file 'biblatex.def' found.
 (/usr/share/texlive/texmf-dist/tex/latex/biblatex/biblatex.def
File: biblatex.def 2023/03/05 v3.19 biblatex compatibility (PK/MW)
\c@textcitecount=\count422
\c@textcitetotal=\count423
\c@textcitemaxnames=\count424
\c@biburlbigbreakpenalty=\count425
\c@biburlbreakpenalty=\count426
\c@biburlnumpenalty=\count427
\c@biburlucpenalty=\count428
\c@biburllcpenalty=\count429
\biburlbigskip=\muskip18
\biburlnumskip=\muskip19
\biburlucskip=\muskip20
\biburllcskip=\muskip21
\c@smartand=\count430
)
Package biblatex Info: Trying to load bibliography style 'authoryear'...
Package biblatex Info: ... file 'authoryear.bbx' found.
 (/usr/share/texlive/texmf-dist/tex/latex/biblatex/bbx/authoryear.bbx
File: authoryear.bbx 2023/03/05 v3.19 biblatex bibliography style (PK/MW)
Package biblatex Info: Trying to load bibliography style 'standard'...
Package biblatex Info: ... file 'standard.bbx' found.
 (/usr/share/texlive/texmf-dist/tex/latex/biblatex/bbx/standard.bbx
File: standard.bbx 2023/03/05 v3.19 biblatex bibliography style (PK/MW)
\c@bbx:relatedcount=\count431
\c@bbx:relatedtotal=\count432
))
Package biblatex Info: Trying to load citation style 'authoryear'...
Package biblatex Info: ... file 'authoryear.cbx' found.
 (/usr/share/texlive/texmf-dist/tex/latex/biblatex/cbx/authoryear.cbx
File: authoryear.cbx 2023/03/05 v3.19 biblatex citation style (PK/MW)
Package biblatex Info: Redefining '\cite'.
Package biblatex Info: Redefining '\parencite'.
Package biblatex Info: Redefining '\footcite'.
Package biblatex Info: Redefining '\footcitetext'.
Package biblatex Info: Redefining '\smartcite'.
Package biblatex Info: Redefining '\textcite'.
Package biblatex Info: Redefining '\textcites'.
)
Package biblatex Info: Trying to load configuration file...
Package biblatex Info: ... file 'biblatex.cfg' found.
 (/usr/share/texlive/texmf-dist/tex/latex/biblatex/biblatex.cfg
File: biblatex.cfg 
)
Package biblatex Info: Input encoding 'utf8' detected.
Package biblatex Info: Document encoding is UTF8 ....
Package biblatex Info: ... and expl3
(biblatex)             2024-01-22 L3 programming layer (loader) 
(biblatex)             is new enough (at least 2020/04/06),
(biblatex)             setting 'casechanger=expl3'.
 (/usr/share/texlive/texmf-dist/tex/latex/biblatex/blx-case-expl3.sty
Package: blx-case-expl3 2023/03/05 v3.19 expl3 case changing code for biblatex
)) (/usr/share/texlive/texmf-dist/tex/latex/caption/subcaption.sty
Package: subcaption 2023/07/28 v1.6b Sub-captions (AR)
 (/usr/share/texlive/texmf-dist/tex/latex/caption/caption.sty
Package: caption 2023/08/05 v3.6o Customizing captions (AR)
 (/usr/share/texlive/texmf-dist/tex/latex/caption/caption3.sty
Package: caption3 2023/07/31 v2.4d caption3 kernel (AR)
\caption@tempdima=\dimen177
\captionmargin=\dimen178
\caption@leftmargin=\dimen179
\caption@rightmargin=\dimen180
\caption@width=\dimen181
\caption@indent=\dimen182
\caption@parindent=\dimen183
\caption@hangindent=\dimen184
Package caption Info: Standard document class detected.
)
\c@caption@flags=\count433
\c@continuedfloat=\count434
Package caption Info: listings package is loaded.
)
Package caption Info: New subtype `subfigure' on input line 238.
\c@subfigure=\count435
Package caption Info: New subtype `subtable' on input line 238.
\c@subtable=\count436
) (/usr/share/texlive/texmf-dist/tex/latex/float/float.sty
Package: float 2001/11/08 v1.3d Float enhancements (AL)
\c@float@type=\count437
\float@exts=\toks27
\float@box=\box66
\@float@everytoks=\toks28
\@floatcapt=\box67
) (/usr/share/texlive/texmf-dist/tex/latex/base/textcomp.sty
Package: textcomp 2020/02/02 v2.0n Standard LaTeX package
) (/usr/share/texlive/texmf-dist/tex/latex/acro/acro.sty
Package: acro 2022/04/01 v3.8 typeset acronyms and other abbreviations (CN)
\l__acro_tmpa_int=\count438
\l__acro_tmpb_int=\count439
\l__acro_tmpc_int=\count440
\l__acro_tmpd_int=\count441
Loading module `base' ...
Loading module `interface' ...
Loading module `aux' ...
Loading module `properties' ...
Loading module `acronyms' ...
Loading module `formatting' ...
Loading module `ppfixes' ...
Loading module `tools' ...
\l__acro_minimal_usage_int=\count442
\l__acro_nest_int=\count443
\g_acro_barrier_int=\count444
\g_acro_barrier_total_int=\count445
Loading module `commands' ...
\l_acro_nest_level_int=\count446
Loading module `templates' ...
Loading module `list' ...
Loading module `pages' ...
\l__acro_pages_seq_threshold_int=\count447
Loading module `locale' ...
Loading module `pdfsupport' ...
Loading module `patch' ...
Loading module `definitions' ...
Loading module `upgrade' ...
) (/usr/share/texlive/texmf-dist/tex/latex/tools/longtable.sty
Package: longtable 2023-11-01 v4.19 Multi-page Table package (DPC)
\LTleft=\skip103
\LTright=\skip104
\LTpre=\skip105
\LTpost=\skip106
\LTchunksize=\count448
\LTcapwidth=\dimen185
\LT@head=\box68
\LT@firsthead=\box69
\LT@foot=\box70
\LT@lastfoot=\box71
\LT@gbox=\box72
\LT@cols=\count449
\LT@rows=\count450
\c@LT@tables=\count451
\c@LT@chunks=\count452
\LT@p@ftn=\toks29
) (/usr/share/texlive/texmf-dist/tex/latex/xcolor/xcolor.sty
Package: xcolor 2023/11/15 v3.01 LaTeX color extensions (UK)
 (/usr/share/texlive/texmf-dist/tex/latex/graphics-cfg/color.cfg
File: color.cfg 2016/01/02 v1.6 sample color configuration
)
Package xcolor Info: Driver file: pdftex.def on input line 274.
LaTeX Info: Redefining \color on input line 758.
 (/usr/share/texlive/texmf-dist/tex/latex/graphics/mathcolor.ltx)
Package xcolor Info: Model `cmy' substituted by `cmy0' on input line 1350.
Package xcolor Info: Model `hsb' substituted by `rgb' on input line 1354.
Package xcolor Info: Model `RGB' extended on input line 1366.
Package xcolor Info: Model `HTML' substituted by `rgb' on input line 1368.
Package xcolor Info: Model `Hsb' substituted by `hsb' on input line 1369.
Package xcolor Info: Model `tHsb' substituted by `hsb' on input line 1370.
Package xcolor Info: Model `HSB' substituted by `hsb' on input line 1371.
Package xcolor Info: Model `Gray' substituted by `gray' on input line 1372.
Package xcolor Info: Model `wave' substituted by `hsb' on input line 1373.
) (/usr/share/texlive/texmf-dist/tex/latex/colortbl/colortbl.sty
Package: colortbl 2022/06/20 v1.0f Color table columns (DPC)
\everycr=\toks30
\minrowclearance=\skip107
\rownum=\count453
) (/usr/share/texlive/texmf-dist/tex/generic/soul/soul.sty
Package: soul 2023-06-14 v3.1 Permit use of UTF-8 characters in soul (HO)
 (/usr/share/texlive/texmf-dist/tex/generic/soul/soul-ori.sty
Package: soul-ori 2023-06-14 v3.1 letterspacing/underlining (mf)
\SOUL@word=\toks31
\SOUL@lasttoken=\toks32
\SOUL@syllable=\toks33
\SOUL@cmds=\toks34
\SOUL@buffer=\toks35
\SOUL@token=\toks36
\SOUL@syllgoal=\dimen186
\SOUL@syllwidth=\dimen187
\SOUL@charkern=\dimen188
\SOUL@hyphkern=\dimen189
\SOUL@dimen=\dimen190
\SOUL@dimeni=\dimen191
\SOUL@minus=\count454
\SOUL@comma=\count455
\SOUL@apo=\count456
\SOUL@grave=\count457
\SOUL@spaceskip=\skip108
\SOUL@ttwidth=\dimen192
\SOUL@uldp=\dimen193
\SOUL@ulht=\dimen194
) (/usr/share/texlive/texmf-dist/tex/generic/etexcmds/etexcmds.sty
Package: etexcmds 2019/12/15 v1.7 Avoid name clashes with e-TeX commands (HO)
)) (/usr/share/texlive/texmf-dist/tex/latex/tools/tabularx.sty
Package: tabularx 2023/07/08 v2.11c `tabularx' package (DPC)
\TX@col@width=\dimen195
\TX@old@table=\dimen196
\TX@old@col=\dimen197
\TX@target=\dimen198
\TX@delta=\dimen199
\TX@cols=\count458
\TX@ftn=\toks37
) (/usr/share/texlive/texmf-dist/tex/latex/booktabs/booktabs.sty
Package: booktabs 2020/01/12 v1.61803398 Publication quality tables
\heavyrulewidth=\dimen256
\lightrulewidth=\dimen257
\cmidrulewidth=\dimen258
\belowrulesep=\dimen259
\belowbottomsep=\dimen260
\aboverulesep=\dimen261
\abovetopsep=\dimen262
\cmidrulesep=\dimen263
\cmidrulekern=\dimen264
\defaultaddspace=\dimen265
\@cmidla=\count459
\@cmidlb=\count460
\@aboverulesep=\dimen266
\@belowrulesep=\dimen267
\@thisruleclass=\count461
\@lastruleclass=\count462
\@thisrulewidth=\dimen268
) (/usr/share/texlive/texmf-dist/tex/latex/algorithms/algorithm.sty
Package: algorithm 2009/08/24 v0.1 Document Style `algorithm' - floating environment
\@float@every@algorithm=\toks38
\c@algorithm=\count463
) (/usr/share/texlive/texmf-dist/tex/latex/algorithmicx/algpseudocode.sty
Package: algpseudocode 
 (/usr/share/texlive/texmf-dist/tex/latex/algorithmicx/algorithmicx.sty
Package: algorithmicx 2005/04/27 v1.2 Algorithmicx

Document Style algorithmicx 1.2 - a greatly improved `algorithmic' style
\c@ALG@line=\count464
\c@ALG@rem=\count465
\c@ALG@nested=\count466
\ALG@tlm=\skip109
\ALG@thistlm=\skip110
\c@ALG@Lnr=\count467
\c@ALG@blocknr=\count468
\c@ALG@storecount=\count469
\c@ALG@tmpcounter=\count470
\ALG@tmplength=\skip111
)
Document Style - pseudocode environments for use with the `algorithmicx' style
) (/usr/share/texlive/texmf-dist/tex/latex/appendix/appendix.sty
Package: appendix 2020/02/08 v1.2c extra appendix facilities
\c@@pps=\count471
\c@@ppsavesec=\count472
\c@@ppsaveapp=\count473
) (/usr/share/texlive/texmf-dist/tex/latex/base/inputenc.sty
Package: inputenc 2021/02/14 v1.3d Input encoding file
\inpenc@prehook=\toks39
\inpenc@posthook=\toks40
) (/usr/share/texlive/texmf-dist/tex/latex/base/fontenc.sty
Package: fontenc 2021/04/29 v2.0v Standard LaTeX package
LaTeX Font Info:    Trying to load font information for T1+ptm on input line 112.
 (/usr/share/texlive/texmf-dist/tex/latex/psnfss/t1ptm.fd
File: t1ptm.fd 2001/06/04 font definitions for T1/ptm.
)) (/usr/share/texlive/texmf-dist/tex/latex/tools/bm.sty
Package: bm 2023/07/08 v1.2f Bold Symbol Support (DPC/FMi)
Package bm Info: No bold for \OT1/ztmcm/m/n, using \pmb.
Package bm Info: No bold for \OML/ztmcm/m/it, using \pmb.
Package bm Info: No bold for \OMS/ztmcm/m/n, using \pmb.
Package bm Info: No bold for \OMX/ztmcm/m/n, using \pmb.
Package bm Info: No bold for \OT1/ptm/bx/n, using \pmb.
Package bm Info: No bold for \OT1/ptm/m/it, using \pmb.
) (/usr/share/texlive/texmf-dist/tex/latex/sectsty/sectsty.sty
Package: sectsty 2002/02/25 v2.0.2 Commands to change all sectional heading styles


LaTeX Warning: Command \underbar  has changed.
               Check if current package is valid.


LaTeX Warning: Command \underline  has changed.
               Check if current package is valid.

) (/usr/share/texlive/texmf-dist/tex/latex/enumitem/enumitem.sty
Package: enumitem 2019/06/20 v3.9 Customized lists
\labelindent=\skip112
\enit@outerparindent=\dimen269
\enit@toks=\toks41
\enit@inbox=\box73
\enit@count@id=\count474
\enitdp@description=\count475
)
\c@g@acro@pgm@int=\count476
\c@g@acro@yolo@int=\count477
\c@g@acro@cv@int=\count478
\c@g@acro@cnn@int=\count479
\c@g@acro@rcnn@int=\count480
\c@g@acro@dl@int=\count481
\c@g@acro@rv@int=\count482
\c@g@acro@bn@int=\count483
\c@g@acro@mn@int=\count484
\c@g@acro@cpd@int=\count485
\c@g@acro@bp@int=\count486
\c@g@acro@bu@int=\count487
\c@g@acro@ipa@int=\count488
\c@g@acro@ml@int=\count489
\c@g@acro@clg@int=\count490
\c@g@acro@ep@int=\count491
\c@g@acro@adf@int=\count492
\c@g@acro@fps@int=\count493
\c@g@acro@bgr@int=\count494
\c@g@acro@hsv@int=\count495
\c@g@acro@pa@int=\count496
\c@g@acro@pagb@int=\count497
\c@g@acro@pjoint@int=\count498
\c@g@acro@px@int=\count499
\c@g@acro@pxgy@int=\count500
\c@g@acro@muab@int=\count501
\c@g@acro@sum@int=\count502
\c@g@acro@phi@int=\count503
Package translations Info: No language package found. I am going to use `english' as default language. on input line 249.


Package biblatex Warning: Load 'inputenc' before biblatex.

\@quotelevel=\count504
\@quotereset=\count505
(./ProgressReport.aux)
\openout1 = `ProgressReport.aux'.

LaTeX Font Info:    Checking defaults for OML/cmm/m/it on input line 249.
LaTeX Font Info:    ... okay on input line 249.
LaTeX Font Info:    Checking defaults for OMS/cmsy/m/n on input line 249.
LaTeX Font Info:    ... okay on input line 249.
LaTeX Font Info:    Checking defaults for OT1/cmr/m/n on input line 249.
LaTeX Font Info:    ... okay on input line 249.
LaTeX Font Info:    Checking defaults for T1/cmr/m/n on input line 249.
LaTeX Font Info:    ... okay on input line 249.
LaTeX Font Info:    Checking defaults for TS1/cmr/m/n on input line 249.
LaTeX Font Info:    ... okay on input line 249.
LaTeX Font Info:    Checking defaults for OMX/cmex/m/n on input line 249.
LaTeX Font Info:    ... okay on input line 249.
LaTeX Font Info:    Checking defaults for U/cmr/m/n on input line 249.
LaTeX Font Info:    ... okay on input line 249.

*geometry* driver: auto-detecting
*geometry* detected driver: pdftex
*geometry* verbose mode - [ preamble ] result:
* driver: pdftex
* paper: a4paper
* layout: <same size as paper>
* layoutoffset:(h,v)=(0.0pt,0.0pt)
* modes: 
* h-part:(L,W,R)=(99.58464pt, 398.3386pt, 99.58464pt)
* v-part:(T,H,B)=(73.97716pt, 645.87756pt, 125.19212pt)
* \paperwidth=597.50787pt
* \paperheight=845.04684pt
* \textwidth=398.3386pt
* \textheight=645.87756pt
* \oddsidemargin=27.31465pt
* \evensidemargin=27.31465pt
* \topmargin=-35.29283pt
* \headheight=12.0pt
* \headsep=25.0pt
* \topskip=12.0pt
* \footskip=30.0pt
* \marginparwidth=0.0pt
* \marginparsep=0.0pt
* \columnsep=10.0pt
* \skip\footins=10.8pt plus 4.0pt minus 2.0pt
* \hoffset=0.0pt
* \voffset=0.0pt
* \mag=1000
* \@twocolumnfalse
* \@twosidefalse
* \@mparswitchfalse
* \@reversemarginfalse
* (1in=72.27pt=25.4mm, 1cm=28.453pt)


Package chemgreek Info: Activating mapping `default' on line 249.

(/usr/share/texlive/texmf-dist/tex/context/base/mkii/supp-pdf.mkii
[Loading MPS to PDF converter (version 2006.09.02).]
\scratchcounter=\count506
\scratchdimen=\dimen270
\scratchbox=\box74
\nofMPsegments=\count507
\nofMParguments=\count508
\everyMPshowfont=\toks42
\MPscratchCnt=\count509
\MPscratchDim=\dimen271
\MPnumerator=\count510
\makeMPintoPDFobject=\count511
\everyMPtoPDFconversion=\toks43
) (/usr/share/texlive/texmf-dist/tex/latex/epstopdf-pkg/epstopdf-base.sty
Package: epstopdf-base 2020-01-24 v2.11 Base part for package epstopdf
Package epstopdf-base Info: Redefining graphics rule for `.eps' on input line 485.
 (/usr/share/texlive/texmf-dist/tex/latex/latexconfig/epstopdf-sys.cfg
File: epstopdf-sys.cfg 2010/07/13 v1.3 Configuration of (r)epstopdf for TeX Live
)) (/usr/share/texlive/texmf-dist/tex/latex/translations/translations-basic-dictionary-english.trsl
File: translations-basic-dictionary-english.trsl (english translation file `translations-basic-dictionary')
)
Package translations Info: loading dictionary `translations-basic-dictionary' for `english'. on input line 249.
\c@lstlisting=\count512
Package biblatex Info: Trying to load language 'english'...
Package biblatex Info: ... file 'english.lbx' found.
 (/usr/share/texlive/texmf-dist/tex/latex/biblatex/lbx/english.lbx
File: english.lbx 2023/03/05 v3.19 biblatex localization (PK/MW)
)
Package biblatex Info: Input encoding 'utf8' detected.
Package biblatex Info: Automatic encoding selection.
(biblatex)             Assuming data encoding 'utf8'.
\openout3 = `ProgressReport.bcf'.

Package biblatex Info: Trying to load bibliographic data...
Package biblatex Info: ... file 'ProgressReport.bbl' found.
 (./ProgressReport.bbl)
Package biblatex Info: Reference section=0 on input line 249.
Package biblatex Info: Reference segment=0 on input line 249.
Package caption Info: Begin \AtBeginDocument code.
Package caption Info: float package is loaded.
Package caption Info: longtable package is loaded.
 (/usr/share/texlive/texmf-dist/tex/latex/caption/ltcaption.sty
Package: ltcaption 2021/01/08 v1.4c longtable captions (AR)
)
Package caption Info: End \AtBeginDocument code.
<SU_logo_RGB-01.png, id=1, 111.0549pt x 154.176pt>
File: SU_logo_RGB-01.png Graphic file (type png)
<use SU_logo_RGB-01.png>
Package pdftex.def Info: SU_logo_RGB-01.png  used on input line 252.
(pdftex.def)             Requested size: 166.58191pt x 231.2634pt.
LaTeX Font Info:    Trying to load font information for OT1+ztmcm on input line 264.
 (/usr/share/texlive/texmf-dist/tex/latex/psnfss/ot1ztmcm.fd
File: ot1ztmcm.fd 2000/01/03 Fontinst v1.801 font definitions for OT1/ztmcm.
)
LaTeX Font Info:    Trying to load font information for OML+ztmcm on input line 264.
 (/usr/share/texlive/texmf-dist/tex/latex/psnfss/omlztmcm.fd
File: omlztmcm.fd 2000/01/03 Fontinst v1.801 font definitions for OML/ztmcm.
)
LaTeX Font Info:    Trying to load font information for OMS+ztmcm on input line 264.
 (/usr/share/texlive/texmf-dist/tex/latex/psnfss/omsztmcm.fd
File: omsztmcm.fd 2000/01/03 Fontinst v1.801 font definitions for OMS/ztmcm.
)
LaTeX Font Info:    Trying to load font information for OMX+ztmcm on input line 264.
 (/usr/share/texlive/texmf-dist/tex/latex/psnfss/omxztmcm.fd
File: omxztmcm.fd 2000/01/03 Fontinst v1.801 font definitions for OMX/ztmcm.
)
LaTeX Font Info:    Trying to load font information for OT1+ptm on input line 264.
 (/usr/share/texlive/texmf-dist/tex/latex/psnfss/ot1ptm.fd
File: ot1ptm.fd 2001/06/04 font definitions for OT1/ptm.
)
LaTeX Font Info:    Font shape `OT1/ptm/bx/n' in size <12> not available
(Font)              Font shape `OT1/ptm/b/n' tried instead on input line 264.
LaTeX Font Info:    Font shape `OT1/ptm/bx/n' in size <9> not available
(Font)              Font shape `OT1/ptm/b/n' tried instead on input line 264.
LaTeX Font Info:    Font shape `OT1/ptm/bx/n' in size <7> not available
(Font)              Font shape `OT1/ptm/b/n' tried instead on input line 264.
 [1

{/var/lib/texmf/fonts/map/pdftex/updmap/pdftex.map}{/usr/share/texlive/texmf-dist/fonts/enc/dvips/base/8r.enc} <./SU_logo_RGB-01.png>]
<Signature.jpeg, id=12, 343.2825pt x 228.855pt>
File: Signature.jpeg Graphic file (type jpg)
<use Signature.jpeg>
Package pdftex.def Info: Signature.jpeg  used on input line 306.
(pdftex.def)             Requested size: 56.9055pt x 37.93404pt.

Overfull \hbox (42.67912pt too wide) in paragraph at lines 304--313
 [] 
 []

[1 <./Signature.jpeg>] [2] [3]
Underfull \hbox (badness 1762) in paragraph at lines 385--386
\T1/ptm/m/n/12 and test-ing por-tion of the
 []


Underfull \hbox (badness 1033) in paragraph at lines 385--386
\T1/ptm/m/n/12 project and when ap-ply-ing
 []


Underfull \hbox (badness 1221) in paragraph at lines 387--387
\T1/ptm/m/n/12 sys-tems, en-gi-neer-ing works, prod-ucts or pro-
 []


Underfull \hbox (badness 1430) in paragraph at lines 387--388
[]|\T1/ptm/m/n/12 During the con-cept de-sign
 []


Underfull \hbox (badness 1394) in paragraph at lines 389--389
\T1/ptm/b/n/12 in-clud-ing In-for-ma-tion Tech-nol-ogy: \T1/ptm/m/n/12 Demon-
 []


Underfull \hbox (badness 2277) in paragraph at lines 391--392
[]|\T1/ptm/m/n/12 Project Pro-posal; Progress
 []


Underfull \hbox (badness 1939) in paragraph at lines 391--392
\T1/ptm/m/n/12 Re-port; Pre-lim-i-nary Draft;
 []


Overfull \hbox (5.2879pt too wide) in alignment at lines 376--397
 [] [] 
 []

[4] [5] (./ProgressReport.toc [6] [7])
\tf@toc=\write4
\openout4 = `ProgressReport.toc'.

 [8] (./ProgressReport.lof)
\tf@lof=\write5
\openout5 = `ProgressReport.lof'.

 [9] (./ProgressReport.lot)
\tf@lot=\write6
\openout6 = `ProgressReport.lot'.

 [10] [11] [12] [1]
Overfull \hbox (6.9215pt too wide) in paragraph at lines 427--428
\T1/ptm/m/n/12 per-for-mance met-rics, en-abling tar-geted im-prove-ments in tech-nique, decision-making,
 []

[2] [3] [4] [5] [6] [7]
Overfull \hbox (16.81595pt too wide) in alignment at lines 508--514
 [] [] 
 []


Overfull \hbox (16.81595pt too wide) in alignment at lines 514--518
 [] [] 
 []

LaTeX Font Info:    Trying to load font information for T1+cmtt on input line 519.
(/usr/share/texlive/texmf-dist/tex/latex/base/t1cmtt.fd
File: t1cmtt.fd 2023/04/13 v2.5m Standard LaTeX font definitions
)
Underfull \hbox (badness 1097) in paragraph at lines 529--530
\T1/ptm/m/n/12 ob-jects. Can use func-tions like \T1/cmtt/m/n/12 cv2.dilate() \T1/ptm/m/n/12 (ex-
 []


Overfull \hbox (16.81595pt too wide) in alignment at lines 518--531
 [] [] 
 []

[8] [9]
Overfull \hbox (7.48022pt too wide) in alignment at lines 537--543
 [] [] 
 []


Overfull \hbox (7.48022pt too wide) in alignment at lines 543--547
 [] [] 
 []


Underfull \hbox (badness 1472) in paragraph at lines 548--549
\T1/ptm/m/n/12 in bi-nary im-ages for shape anal-y-sis) ([]It-seez 2023h),
 []


Underfull \hbox (badness 1490) in paragraph at lines 550--551
\T1/ptm/m/n/12 fil-ter-ing with \T1/cmtt/m/n/12 cv2.findContours() \T1/ptm/m/n/12 (de-tects con-tours
 []


Underfull \hbox (badness 3646) in paragraph at lines 552--553
\T1/ptm/m/n/12 use \T1/cmtt/m/n/12 cv2.createBackgroundSubtractorMOG2() \T1/ptm/m/n/12 (cre-
 []


Overfull \hbox (7.48022pt too wide) in alignment at lines 547--556
 [] [] 
 []

[10] [11]
<B_Network_Example.jpg, id=91, 553.06625pt x 402.50375pt>
File: B_Network_Example.jpg Graphic file (type jpg)
<use B_Network_Example.jpg>
Package pdftex.def Info: B_Network_Example.jpg  used on input line 574.
(pdftex.def)             Requested size: 179.25114pt x 130.4498pt.
<M_Network_Example.png, id=92, 412.54124pt x 402.50375pt>
File: M_Network_Example.png Graphic file (type png)
<use M_Network_Example.png>
Package pdftex.def Info: M_Network_Example.png  used on input line 581.
(pdftex.def)             Requested size: 139.42093pt x 136.02647pt.
 [12 <./B_Network_Example.jpg> <./M_Network_Example.png>] [13]
File: B_Network_Example.jpg Graphic file (type jpg)
<use B_Network_Example.jpg>
Package pdftex.def Info: B_Network_Example.jpg  used on input line 621.
(pdftex.def)             Requested size: 179.25114pt x 130.4498pt.
<BN-MN.jpg, id=101, 553.06625pt x 402.50375pt>
File: BN-MN.jpg Graphic file (type jpg)
<use BN-MN.jpg>
Package pdftex.def Info: BN-MN.jpg  used on input line 628.
(pdftex.def)             Requested size: 179.25114pt x 130.4498pt.
 [14 <./BN-MN.jpg>]
Underfull \hbox (badness 10000) in paragraph at lines 687--688

 []

LaTeX Font Info:    Trying to load font information for TS1+ptm on input line 693.
(/usr/share/texlive/texmf-dist/tex/latex/psnfss/ts1ptm.fd
File: ts1ptm.fd 2001/06/04 font definitions for TS1/ptm.
) [15] [16]
<hybridNet.jpg, id=113, 376.90813pt x 317.68687pt>
File: hybridNet.jpg Graphic file (type jpg)
<use hybridNet.jpg>
Package pdftex.def Info: hybridNet.jpg  used on input line 752.
(pdftex.def)             Requested size: 159.333pt x 134.29527pt.
 [17 <./hybridNet.jpg>] [18] [19]
<ProjectOverview.jpg, id=124, 688.5725pt x 432.61626pt>
File: ProjectOverview.jpg Graphic file (type jpg)
<use ProjectOverview.jpg>
Package pdftex.def Info: ProjectOverview.jpg  used on input line 795.
(pdftex.def)             Requested size: 398.3386pt x 250.27069pt.
 [20 <./ProjectOverview.jpg>] [21]
<ipa_flow.jpg, id=131, 1197.47375pt x 1892.06876pt>
File: ipa_flow.jpg Graphic file (type jpg)
<use ipa_flow.jpg>
Package pdftex.def Info: ipa_flow.jpg  used on input line 843.
(pdftex.def)             Requested size: 298.75394pt x 472.03444pt.
 [22]
Underfull \hbox (badness 10000) in paragraph at lines 855--855
[]|\T1/ptm/b/n/12 Algorithm
 []


Underfull \hbox (badness 6125) in paragraph at lines 855--855
[]|\T1/ptm/b/n/12 Low-Level Vi-sion Op-er-a-tion
 []


Overfull \hbox (4.07574pt too wide) in alignment at lines 851--857
 [] [] [] 
 []


Underfull \hbox (badness 10000) in paragraph at lines 859--859
[]|\T1/ptm/b/n/12 Algorithm
 []


Underfull \hbox (badness 6125) in paragraph at lines 859--859
[]|\T1/ptm/b/n/12 Low-Level Vi-sion Op-er-a-tion
 []


Overfull \hbox (4.07574pt too wide) in alignment at lines 857--861
 [] [] [] 
 []


Overfull \hbox (4.07574pt too wide) in alignment at lines 861--863
 [] [] [] 
 []


Overfull \hbox (4.07574pt too wide) in alignment at lines 863--865
 [] [] [] 
 []


Underfull \hbox (badness 10000) in paragraph at lines 866--866
\T1/ptm/m/n/12 Thresh-old-
 []


Underfull \hbox (badness 7081) in paragraph at lines 866--867
[]|\T1/ptm/m/n/12 Contour de-tec-tion and shape
 []


Underfull \hbox (badness 10000) in paragraph at lines 868--868
[]|\T1/ptm/m/n/12 Motion
 []


Underfull \hbox (badness 3058) in paragraph at lines 868--868
[]|\T1/ptm/m/n/12 Frame dif-fer-enc-ing, thresh-old-
 []


Underfull \hbox (badness 1377) in paragraph at lines 868--868
\T1/ptm/m/n/12 ing, and mor-pho-log-i-cal op-er-a-
 []


Underfull \hbox (badness 10000) in paragraph at lines 870--870
[]|\T1/ptm/m/n/12 Background
 []


Underfull \hbox (badness 10000) in paragraph at lines 870--870
\T1/ptm/m/n/12 Sub-trac-tion
 []


Underfull \hbox (badness 10000) in paragraph at lines 870--871
[]|\T1/ptm/m/n/12 Background sub-trac-tion
 []


Underfull \hbox (badness 10000) in paragraph at lines 870--871
\T1/ptm/m/n/12 (MOG2), con-tour de-tec-tion
 []


Underfull \hbox (badness 5274) in paragraph at lines 872--872
\T1/ptm/m/n/12 and Hough
 []


Underfull \hbox (badness 10000) in paragraph at lines 874--874
[]|\T1/ptm/m/n/12 Lucas-
 []


Underfull \hbox (badness 10000) in paragraph at lines 874--874
\T1/ptm/m/n/12 Kanade
 []


Underfull \hbox (badness 10000) in paragraph at lines 874--874
\T1/ptm/m/n/12 Op-ti-cal
 []


Underfull \hbox (badness 2922) in paragraph at lines 874--875
[]|\T1/ptm/m/n/12 Optical flow com-pu-ta-tion and
 []


Underfull \hbox (badness 10000) in paragraph at lines 876--876
[]|\T1/ptm/m/n/12 Template
 []


Overfull \hbox (4.07574pt too wide) in alignment at lines 865--877
 [] [] [] 
 []

[23 <./ipa_flow.jpg>] [24] [25]
Overfull \hbox (4.08185pt too wide) in alignment at lines 903--908
 [] [] 
 []


Overfull \hbox (4.08185pt too wide) in alignment at lines 908--912
 [] [] 
 []


Overfull \hbox (4.08185pt too wide) in alignment at lines 912--914
 [] [] 
 []


Overfull \hbox (4.08185pt too wide) in alignment at lines 914--916
 [] [] 
 []


Overfull \hbox (4.08185pt too wide) in alignment at lines 916--928
 [] [] 
 []

[26]
Overfull \hbox (8.16368pt too wide) in alignment at lines 937--942
 [] [] [] [] 
 []


Overfull \hbox (8.16368pt too wide) in alignment at lines 942--946
 [] [] [] [] 
 []


Overfull \hbox (8.16368pt too wide) in alignment at lines 946--948
 [] [] [] [] 
 []


Overfull \hbox (8.16368pt too wide) in alignment at lines 948--950
 [] [] [] [] 
 []


Underfull \hbox (badness 10000) in paragraph at lines 951--951
[]|\T1/ptm/m/n/12 Ball po-si-
 []


Underfull \hbox (badness 2213) in paragraph at lines 951--951
[]|\T1/ptm/m/n/12 Actual po-si-tion of the
 []


Underfull \hbox (badness 2269) in paragraph at lines 951--951
\T1/ptm/m/n/12 mal-ized co-or-di-nates (x
 []


Underfull \hbox (badness 10000) in paragraph at lines 952--952
[]|\T1/ptm/m/n/12 Algorithm
 []


Underfull \hbox (badness 10000) in paragraph at lines 952--952
[]|$\OML/ztmcm/m/it/12 Alg[]$ \T1/ptm/m/n/12 (for
 []


Overfull \hbox (8.16368pt too wide) in alignment at lines 950--954
 [] [] [] [] 
 []

[27]
<smallBN.jpg, id=151, 536.0025pt x 480.29437pt>
File: smallBN.jpg Graphic file (type jpg)
<use smallBN.jpg>
Package pdftex.def Info: smallBN.jpg  used on input line 968.
(pdftex.def)             Requested size: 139.42093pt x 124.92488pt.
 [28]
<fullBN.jpg, id=155, 712.16063pt x 393.47pt>
File: fullBN.jpg Graphic file (type jpg)
<use fullBN.jpg>
Package pdftex.def Info: fullBN.jpg  used on input line 977.
(pdftex.def)             Requested size: 199.1693pt x 110.03876pt.
<BNwtime.jpg, id=156, 1080.035pt x 185.69376pt>
File: BNwtime.jpg Graphic file (type jpg)
<use BNwtime.jpg>
Package pdftex.def Info: BNwtime.jpg  used on input line 988.
(pdftex.def)             Requested size: 398.3386pt x 68.48743pt.
 [29 <./smallBN.jpg> <./fullBN.jpg>] [30 <./BNwtime.jpg>]
<pgmflowdesign.jpg, id=164, 1039.885pt x 2178.1375pt>
File: pgmflowdesign.jpg Graphic file (type jpg)
<use pgmflowdesign.jpg>
Package pdftex.def Info: pgmflowdesign.jpg  used on input line 1035.
(pdftex.def)             Requested size: 298.75394pt x 625.761pt.
 [31]
Overfull \vbox (4.38342pt too high) has occurred while \output is active []

 [32 <./pgmflowdesign.jpg>] [33]
Overfull \hbox (0.28482pt too wide) in paragraph at lines 1079--1080
[]\T1/ptm/m/n/12 Contour de-tec-tion and shape anal-y-sis ap-ply the same cri-te-ria as HSV[] Colour Thresh-
 []

[34]
Underfull \hbox (badness 10000) in paragraph at lines 1094--1095

 []


Overfull \hbox (54.72351pt too wide) in paragraph at lines 1098--1099
[]\T1/ptm/m/n/12 Frame pre-pro-cess-ing in-volves HSV color mask-ing and mor-pho-log-i-cal cleanup: \T1/cmtt/m/n/12 cv2.cvtColor\T1/ptm/m/n/12 ,
 []


Overfull \hbox (44.94244pt too wide) in paragraph at lines 1100--1101
[]\T1/ptm/m/n/12 Grayscale con-ver-sion and Gaus-sian blur-ring pre-pare for edge de-tec-tion: \T1/cmtt/m/n/12 cv2.GaussianBlur\T1/ptm/m/n/12 ,
 []


Overfull \hbox (24.54181pt too wide) in paragraph at lines 1104--1105
[]\T1/ptm/m/n/12 The Hough Cir-cle Trans-form de-tects cir-cles with tuned pa-ram-e-ters: \T1/cmtt/m/n/12 cv2.HoughCircles\T1/ptm/m/n/12 . 
 []


Underfull \hbox (badness 10000) in paragraph at lines 1109--1110

 []


Overfull \hbox (30.6407pt too wide) in paragraph at lines 1117--1118
[]\T1/ptm/m/n/12 Feature de-tec-tion and op-ti-cal flow com-pu-ta-tion track points: \T1/cmtt/m/n/12 cv2.goodFeaturesToTrack
 []

[35]
Underfull \hbox (badness 10000) in paragraph at lines 1122--1123

 []


Overfull \hbox (10.42053pt too wide) in paragraph at lines 1128--1129
[]\T1/ptm/m/n/12 Frames are masked and matched: \T1/cmtt/m/n/12 cv2.cvtColor\T1/ptm/m/n/12 , \T1/cmtt/m/n/12 cv2.inRange\T1/ptm/m/n/12 , \T1/cmtt/m/n/12 cv2.bitwise_and\T1/ptm/m/n/12 ,
 []

[36] [37]
Underfull \hbox (badness 10000) in paragraph at lines 1212--1213

 []

[38]
Overfull \hbox (8.25662pt too wide) detected at line 1224
[][] \OML/ztmcm/m/it/12 w[] \OT1/ztmcm/m/n/12 = [] \OML/ztmcm/m/it/12 w[] \OMS/ztmcm/m/n/12 ^^@ [] [] j\OT1/ztmcm/m/n/12 ^^F[] + ^^F[]\OMS/ztmcm/m/n/12 j ^^@ []\OT1/ztmcm/m/n/12 ([][] \OMS/ztmcm/m/n/12 ^^@ \OML/ztmcm/m/it/12 ^^V[]\OT1/ztmcm/m/n/12 )[] [][] ([][] \OMS/ztmcm/m/n/12 ^^@ \OML/ztmcm/m/it/12 ^^V[]\OT1/ztmcm/m/n/12 )
 []

[39]
<ZvsDOut.jpg, id=194, 1183.92313pt x 509.40312pt>
File: ZvsDOut.jpg Graphic file (type jpg)
<use ZvsDOut.jpg>
Package pdftex.def Info: ZvsDOut.jpg  used on input line 1257.
(pdftex.def)             Requested size: 338.59023pt x 145.67885pt.
 [40 <./ZvsDOut.jpg>]
<ZvDIn.jpg, id=198, 763.85374pt x 336.25626pt>
File: ZvDIn.jpg Graphic file (type jpg)
<use ZvDIn.jpg>
Package pdftex.def Info: ZvDIn.jpg  used on input line 1275.
(pdftex.def)             Requested size: 398.3386pt x 175.35194pt.
 [41 <./ZvDIn.jpg>] [42] [43]
Underfull \hbox (badness 10000) in paragraph at lines 1361--1361
[]|\T1/ptm/m/n/12 Mean
 []


Underfull \hbox (badness 10000) in paragraph at lines 1361--1361
[]|\T1/ptm/m/n/12 Success
 []


Underfull \hbox (badness 10000) in paragraph at lines 1361--1361
[]|\T1/ptm/m/n/12 Variance
 []


Underfull \hbox (badness 10000) in paragraph at lines 1361--1361
[]|\T1/ptm/m/n/12 Variance
 []


Underfull \hbox (badness 10000) in paragraph at lines 1361--1361
[]|\T1/ptm/m/n/12 Inlier
 []


Overfull \hbox (2.51627pt too wide) in paragraph at lines 1361--1362
[]|\T1/ptm/m/n/12 Process
 []


Underfull \hbox (badness 10000) in paragraph at lines 1361--1362
\T1/ptm/m/n/12 Time
 []


Underfull \hbox (badness 10000) in paragraph at lines 1363--1363
[]|\T1/ptm/m/n/12 HSV
 []


Underfull \hbox (badness 10000) in paragraph at lines 1363--1363
\T1/ptm/m/n/12 Colour
 []


Underfull \hbox (badness 10000) in paragraph at lines 1363--1363
\T1/ptm/m/n/12 Thresh-old-
 []


Underfull \hbox (badness 10000) in paragraph at lines 1364--1364
[]|\T1/ptm/m/n/12 Motion
 []


Overfull \hbox (1.75021pt too wide) in paragraph at lines 1365--1365
[]|\T1/ptm/m/n/12 Background
 []


Underfull \hbox (badness 10000) in paragraph at lines 1365--1365
\T1/ptm/m/n/12 Sub-trac-tion
 []


Underfull \hbox (badness 10000) in paragraph at lines 1366--1366
[]|\T1/ptm/m/n/12 Canny
 []


Underfull \hbox (badness 10000) in paragraph at lines 1366--1366
\T1/ptm/m/n/12 Edge and
 []


Underfull \hbox (badness 10000) in paragraph at lines 1366--1366
\T1/ptm/m/n/12 Hough
 []


Underfull \hbox (badness 10000) in paragraph at lines 1367--1367
[]|\T1/ptm/m/n/12 Lucas-
 []


Underfull \hbox (badness 10000) in paragraph at lines 1367--1367
\T1/ptm/m/n/12 Kanade
 []


Underfull \hbox (badness 10000) in paragraph at lines 1367--1367
\T1/ptm/m/n/12 Op-ti-cal
 []


Underfull \hbox (badness 10000) in paragraph at lines 1368--1368
[]|\T1/ptm/m/n/12 Template
 []


Overfull \hbox (1.48668pt too wide) in paragraph at lines 1359--1371
 [][] 
 []

[44] [45]
<lineGraphBeta.jpg, id=215, 552.56438pt x 415.5525pt>
File: lineGraphBeta.jpg Graphic file (type jpg)
<use lineGraphBeta.jpg>
Package pdftex.def Info: lineGraphBeta.jpg  used on input line 1382.
(pdftex.def)             Requested size: 239.00558pt x 179.73666pt.
 [46 <./lineGraphBeta.jpg>]
Underfull \hbox (badness 10000) in paragraph at lines 1396--1396
[]|\T1/ptm/m/n/12 Video
 []

[47] [48] [49]
Overfull \hbox (4.10062pt too wide) in paragraph at lines 1441--1442
\T1/ptm/m/n/12 hard-ware, demon-strat-ing prac-ti-cal fea-si-bil-ity for post-processing ap-pli-ca-tions. While
 []

[50]
Overfull \hbox (12.55684pt too wide) in paragraph at lines 1445--1445
\T1/ptm/m/n/12 cessed: 2025-08-02. \T1/ptm/m/sc/12 url\T1/ptm/m/n/12 : $\T1/cmtt/m/n/12 https : / / www . youtube . com / watch ? v = n4TTjRjkB8I$\T1/ptm/m/n/12 . 
 []


Overfull \hbox (8.14043pt too wide) in paragraph at lines 1445--1445
[][]\T1/ptm/m/n/12 Hawk-Eye In-no-va-tions (2024). \T1/ptm/m/it/12 Our Tech-nol-ogy\T1/ptm/m/n/12 . Ac-cessed: 2025-07-13. \T1/ptm/m/sc/12 url\T1/ptm/m/n/12 : $\T1/cmtt/m/n/12 https :
 []


Overfull \hbox (11.71808pt too wide) in paragraph at lines 1445--1445
[][][]\T1/ptm/m/n/12 (2023f). \T1/ptm/m/it/12 Con-tour Fea-tures\T1/ptm/m/n/12 . Ac-cessed: 2025-10-04. \T1/ptm/m/sc/12 url\T1/ptm/m/n/12 : $\T1/cmtt/m/n/12 https : / / docs . opencv .
 []


Overfull \hbox (0.8554pt too wide) in paragraph at lines 1445--1445
[][][]\T1/ptm/m/n/12 (2023i). \T1/ptm/m/it/12 Hough Cir-cle Trans-form\T1/ptm/m/n/12 . Ac-cessed: 2025-10-04. \T1/ptm/m/sc/12 url\T1/ptm/m/n/12 : $\T1/cmtt/m/n/12 https : / / docs .
 []

[51]
Overfull \hbox (0.36061pt too wide) in paragraph at lines 1445--1445
[][][]\T1/ptm/m/n/12 (2023m). \T1/ptm/m/it/12 Mor-pho-log-i-cal Trans-for-ma-tions\T1/ptm/m/n/12 . Ac-cessed: 2025-10-04. \T1/ptm/m/sc/12 url\T1/ptm/m/n/12 : $\T1/cmtt/m/n/12 https :
 []

[52]
Overfull \hbox (0.4001pt too wide) in paragraph at lines 1445--1445
\T1/ptm/m/n/12 ence''. In: \T1/ptm/m/it/12 arXiv preprint arXiv:1301.2294\T1/ptm/m/n/12 . Ac-cessed: 2025-09-29. \T1/ptm/m/sc/12 url\T1/ptm/m/n/12 : $\T1/cmtt/m/n/12 https :
 []


Overfull \hbox (10.2891pt too wide) in paragraph at lines 1445--1445
\T1/ptm/m/n/12 hen-sive Re-view''. In: \T1/ptm/m/it/12 Sen-sors \T1/ptm/m/n/12 23.15. \T1/ptm/m/sc/12 issn\T1/ptm/m/n/12 : 1424-8220. \T1/ptm/m/sc/12 doi\T1/ptm/m/n/12 : $\T1/cmtt/m/n/12 10 . 3390 / s23156887$\T1/ptm/m/n/12 .
 []


Overfull \hbox (1.39992pt too wide) in paragraph at lines 1445--1445
[][]\T1/ptm/m/n/12 TennisNerd (Aug. 2024). \T1/ptm/m/it/12 Elec-tronic Line Call-ing: Hawk[]Eye Tech-nol-ogy Ex-plained\T1/ptm/m/n/12 .
 []


Overfull \hbox (16.88368pt too wide) in paragraph at lines 1445--1445
\T1/ptm/m/it/12 force for good in sport\T1/ptm/m/n/12 . Ac-cessed: 2025-07-15. \T1/ptm/m/sc/12 url\T1/ptm/m/n/12 : $\T1/cmtt/m/n/12 https : / / www . theguardian .
 []

[53]
Overfull \hbox (6.21738pt too wide) in paragraph at lines 1445--1445
\T1/ptm/m/n/12 cessed 2025[]07[]15. \T1/ptm/m/sc/12 url\T1/ptm/m/n/12 : $\T1/cmtt/m/n/12 https : / / web . archive . org / web / 20150919114824 /
 []

[54] [55] [56]
Underfull \hbox (badness 10000) in paragraph at lines 1461--1461
[]|\T1/ptm/m/n/12 Success
 []


Underfull \hbox (badness 10000) in paragraph at lines 1461--1461
[]|\T1/ptm/m/n/12 Variance
 []


Underfull \hbox (badness 10000) in paragraph at lines 1461--1461
[]|\T1/ptm/m/n/12 Variance
 []


Underfull \hbox (badness 10000) in paragraph at lines 1461--1462
[]|\T1/ptm/m/n/12 Inlier
 []


Underfull \hbox (badness 10000) in paragraph at lines 1474--1474
[]|\T1/ptm/m/n/12 Success
 []


Underfull \hbox (badness 10000) in paragraph at lines 1474--1474
[]|\T1/ptm/m/n/12 Variance
 []


Underfull \hbox (badness 10000) in paragraph at lines 1474--1474
[]|\T1/ptm/m/n/12 Variance
 []


Underfull \hbox (badness 10000) in paragraph at lines 1474--1475
[]|\T1/ptm/m/n/12 Inlier
 []


Underfull \hbox (badness 10000) in paragraph at lines 1487--1487
[]|\T1/ptm/m/n/12 Success
 []


Underfull \hbox (badness 10000) in paragraph at lines 1487--1487
[]|\T1/ptm/m/n/12 Variance
 []


Underfull \hbox (badness 10000) in paragraph at lines 1487--1487
[]|\T1/ptm/m/n/12 Variance
 []


Underfull \hbox (badness 10000) in paragraph at lines 1487--1488
[]|\T1/ptm/m/n/12 Inlier
 []

[57]
Underfull \hbox (badness 10000) in paragraph at lines 1500--1500
[]|\T1/ptm/m/n/12 Success
 []


Underfull \hbox (badness 10000) in paragraph at lines 1500--1500
[]|\T1/ptm/m/n/12 Variance
 []


Underfull \hbox (badness 10000) in paragraph at lines 1500--1500
[]|\T1/ptm/m/n/12 Variance
 []


Underfull \hbox (badness 10000) in paragraph at lines 1500--1501
[]|\T1/ptm/m/n/12 Inlier
 []


Underfull \hbox (badness 10000) in paragraph at lines 1513--1513
[]|\T1/ptm/m/n/12 Success
 []


Underfull \hbox (badness 10000) in paragraph at lines 1513--1513
[]|\T1/ptm/m/n/12 Variance
 []


Underfull \hbox (badness 10000) in paragraph at lines 1513--1513
[]|\T1/ptm/m/n/12 Variance
 []


Underfull \hbox (badness 10000) in paragraph at lines 1513--1514
[]|\T1/ptm/m/n/12 Inlier
 []

[58]
Underfull \hbox (badness 10000) in paragraph at lines 1526--1526
[]|\T1/ptm/m/n/12 Success
 []


Underfull \hbox (badness 10000) in paragraph at lines 1526--1526
[]|\T1/ptm/m/n/12 Variance
 []


Underfull \hbox (badness 10000) in paragraph at lines 1526--1526
[]|\T1/ptm/m/n/12 Variance
 []


Underfull \hbox (badness 10000) in paragraph at lines 1526--1527
[]|\T1/ptm/m/n/12 Inlier
 []

[59] [60] [61] [62] (./ProgressReport.aux)
 ***********
LaTeX2e <2023-11-01> patch level 1
L3 programming layer <2024-01-22>
 ***********
Package logreq Info: Writing requests to 'ProgressReport.run.xml'.
\openout1 = `ProgressReport.run.xml'.

 ) 
Here is how much of TeX's memory you used:
 27300 strings out of 476106
 629043 string characters out of 5793933
 1961975 words of memory out of 5000000
 49012 multiletter control sequences out of 15000+600000
 636904 words of font info for 138 fonts, out of 8000000 for 9000
 59 hyphenation exceptions out of 8191
 73i,14n,84p,1683b,1672s stack positions out of 10000i,1000n,20000p,200000b,200000s
 </home/alex/.texlive2023/texmf-var/fonts/pk/ljfour/jknappen/ec/ectt1200.600pk></usr/share/texlive/texmf-dist/fonts/type1/public/amsfonts/cm/cmex10.pfb></usr/share/texlive/texmf-dist/fonts/type1/public/amsfonts/cm/cmmi10.pfb></usr/share/texlive/texmf-dist/fonts/type1/public/amsfonts/cm/cmr10.pfb></usr/share/texlive/texmf-dist/fonts/type1/public/amsfonts/cm/cmsy10.pfb></usr/share/texlive/texmf-dist/fonts/type1/public/rsfs/rsfs10.pfb></usr/share/texlive/texmf-dist/fonts/type1/urw/symbol/usyr.pfb></usr/share/texlive/texmf-dist/fonts/type1/urw/symbol/usyr.pfb></usr/share/texlive/texmf-dist/fonts/type1/urw/times/utmb8a.pfb></usr/share/texlive/texmf-dist/fonts/type1/urw/times/utmr8a.pfb></usr/share/texlive/texmf-dist/fonts/type1/urw/times/utmri8a.pfb>
Output written on ProgressReport.pdf (75 pages, 1462305 bytes).
PDF statistics:
 386 PDF objects out of 1000 (max. 8388607)
 204 compressed objects within 3 object streams
 0 named destinations out of 1000 (max. 500000)
 76 words of extra memory for PDF output out of 10000 (max. 10000000)

